\BOOKMARK [1][-]{section.1}{Introduction}{}
\BOOKMARK [2][-]{subsection.1.1}{Definitions}{section.1}
\BOOKMARK [2][-]{subsection.1.2}{Outline of the problem}{section.1}
\BOOKMARK [2][-]{subsection.1.3}{Possible optimisations to current solutions}{section.1}
\BOOKMARK [2][-]{subsection.1.4}{Motivation}{section.1}
\BOOKMARK [2][-]{subsection.1.5}{Purpose}{section.1}
\BOOKMARK [2][-]{subsection.1.6}{Outline of the following chapters}{section.1}
\BOOKMARK [1][-]{section.2}{Background}{}
\BOOKMARK [2][-]{subsection.2.1}{General-purpose processors: a need for parallelism}{section.2}
\BOOKMARK [2][-]{subsection.2.2}{An introduction to parallel systems}{section.2}
\BOOKMARK [2][-]{subsection.2.3}{An introduction to interconnects}{section.2}
\BOOKMARK [2][-]{subsection.2.4}{Interconnection networks}{section.2}
\BOOKMARK [2][-]{subsection.2.5}{Network topologies}{section.2}
\BOOKMARK [2][-]{subsection.2.6}{Routing}{section.2}
\BOOKMARK [2][-]{subsection.2.7}{Switching}{section.2}
\BOOKMARK [2][-]{subsection.2.8}{Flow control}{section.2}
\BOOKMARK [2][-]{subsection.2.9}{Modern interconnection networks}{section.2}
\BOOKMARK [1][-]{section.3}{Specification}{}
\BOOKMARK [2][-]{subsection.3.1}{Outline of the solution}{section.3}
\BOOKMARK [2][-]{subsection.3.2}{Functional requirements}{section.3}
\BOOKMARK [2][-]{subsection.3.3}{Interface requirements}{section.3}
\BOOKMARK [2][-]{subsection.3.4}{Performance requirements}{section.3}
\BOOKMARK [2][-]{subsection.3.5}{Software system requirements}{section.3}
\BOOKMARK [2][-]{subsection.3.6}{Constraints, assumptions and dependencies}{section.3}
\BOOKMARK [1][-]{section.4}{Design}{}
\BOOKMARK [2][-]{subsection.4.1}{Network topology design}{section.4}
\BOOKMARK [2][-]{subsection.4.2}{Network switch design}{section.4}
\BOOKMARK [2][-]{subsection.4.3}{Routing algorithm design}{section.4}
\BOOKMARK [2][-]{subsection.4.4}{Optimising the routing algorithm}{section.4}
\BOOKMARK [2][-]{subsection.4.5}{Sourcing a suitable compiler}{section.4}
\BOOKMARK [2][-]{subsection.4.6}{Output of the compiler}{section.4}
\BOOKMARK [2][-]{subsection.4.7}{Processor modifications}{section.4}
\BOOKMARK [1][-]{section.5}{Implementation}{}
\BOOKMARK [1][-]{section.6}{Testing}{}
\BOOKMARK [1][-]{section.7}{Results}{}
\BOOKMARK [1][-]{section.8}{Conclusion}{}
\BOOKMARK [1][-]{section.9}{References}{}
\BOOKMARK [1][-]{section*.11}{Appendix A}{}
